<?xml version="1.0" encoding="UTF-8"?>
<!-- Generated by org.testng.reporters.JUnitXMLReporter -->
<testsuite hostname="CHEWKS112751" ignored="0" name="Test" tests="3" failures="2" timestamp="02 May 2019 12:10:59 GMT" time="48.829" errors="0">
  <testcase name="loginpageTitleTest" time="0.018" classname="com.crmpro.testcases.LoginPageTestCase"/>
  <testcase name="crmLogoImageTest" time="0.047" classname="com.crmpro.testcases.LoginPageTestCase">
    <failure type="java.lang.AssertionError" message="expected [true] but found [false]">
      <![CDATA[java.lang.AssertionError: expected [true] but found [false]
	at com.crmpro.testcases.LoginPageTestCase.crmLogoImageTest(LoginPageTestCase.java:54)
... Removed 29 stack frames]]>
    </failure>
  </testcase> <!-- crmLogoImageTest -->
  <testcase name="loginTest" time="6.212" classname="com.crmpro.testcases.LoginPageTestCase">
    <failure type="java.lang.AssertionError" message="expected [true] but found [false]">
      <![CDATA[java.lang.AssertionError: expected [true] but found [false]
	at com.crmpro.testcases.LoginPageTestCase.loginTest(LoginPageTestCase.java:62)
... Removed 29 stack frames]]>
    </failure>
  </testcase> <!-- loginTest -->
</testsuite> <!-- Test -->
