<?xml version="1.0" encoding="UTF-8"?>
<!-- Generated by org.testng.reporters.JUnitXMLReporter -->
<testsuite hostname="CHEWKS112751" ignored="2" name="Default test(failed)(failed)" tests="1" failures="1" timestamp="12 Apr 2019 09:56:45 GMT" time="21.594" errors="0">
  <testcase name="loginTest" time="7.265" classname="com.crmpro.testcases.LoginPageTestCase">
    <failure type="java.lang.Error" message="Unresolved compilation problems: 
	Syntax error, insert &amp;quot;}&amp;quot; to complete ClassBody
	Return type for the method is missing
	Syntax error, insert &amp;quot;)&amp;quot; to complete ConstructorDeclaration
	Syntax error, insert &amp;quot;;&amp;quot; to complete ConstructorDeclaration
">
      <![CDATA[java.lang.Error: Unresolved compilation problems: 
	Syntax error, insert "}" to complete ClassBody
	Return type for the method is missing
	Syntax error, insert ")" to complete ConstructorDeclaration
	Syntax error, insert ";" to complete ConstructorDeclaration

	at com.crmpro.pages.HomePage.<init>(HomePage.java:5)
	at com.crmpro.pages.LoginPage.validLogin(LoginPage.java:58)
	at com.crmpro.testcases.LoginPageTestCase.loginTest(LoginPageTestCase.java:60)
... Removed 25 stack frames]]>
    </failure>
  </testcase> <!-- loginTest -->
  <testcase name="crmLogoImageTest" time="0.0" classname="com.crmpro.testcases.LoginPageTestCase">
    <ignored/>
  </testcase> <!-- crmLogoImageTest -->
  <testcase name="loginpageTitleTest" time="0.0" classname="com.crmpro.testcases.LoginPageTestCase">
    <ignored/>
  </testcase> <!-- loginpageTitleTest -->
</testsuite> <!-- Default test(failed)(failed) -->
